{"C:\\Users\\Teacher\\SendIT\\test.js":{"path":"C:\\Users\\Teacher\\SendIT\\test.js","s":{"1":1,"2":1,"3":1,"4":1,"5":1,"6":1,"7":1,"8":1,"9":1,"10":1,"11":1,"12":1,"13":1,"14":1,"15":1,"16":1,"17":1,"18":1,"19":1,"20":1,"21":1,"22":1,"23":1,"24":1,"25":1,"26":1,"27":1,"28":1,"29":1,"30":1,"31":1,"32":1,"33":1},"b":{},"f":{"1":1,"2":1,"3":1,"4":1,"5":1,"6":1,"7":1,"8":1,"9":1,"10":1,"11":1,"12":1,"13":1,"14":1,"15":1},"fnMap":{"1":{"name":"(anonymous_1)","line":9,"loc":{"start":{"line":9,"column":26},"end":{"line":9,"column":37}}},"2":{"name":"(anonymous_2)","line":13,"loc":{"start":{"line":13,"column":32},"end":{"line":13,"column":43}}},"3":{"name":"(anonymous_3)","line":16,"loc":{"start":{"line":16,"column":12},"end":{"line":16,"column":26}}},"4":{"name":"(anonymous_4)","line":24,"loc":{"start":{"line":24,"column":33},"end":{"line":24,"column":44}}},"5":{"name":"(anonymous_5)","line":27,"loc":{"start":{"line":27,"column":12},"end":{"line":27,"column":26}}},"6":{"name":"(anonymous_6)","line":40,"loc":{"start":{"line":40,"column":44},"end":{"line":40,"column":55}}},"7":{"name":"(anonymous_7)","line":44,"loc":{"start":{"line":44,"column":12},"end":{"line":44,"column":26}}},"8":{"name":"(anonymous_8)","line":54,"loc":{"start":{"line":54,"column":52},"end":{"line":54,"column":63}}},"9":{"name":"(anonymous_9)","line":57,"loc":{"start":{"line":57,"column":12},"end":{"line":57,"column":26}}},"10":{"name":"(anonymous_10)","line":66,"loc":{"start":{"line":66,"column":52},"end":{"line":66,"column":63}}},"11":{"name":"(anonymous_11)","line":69,"loc":{"start":{"line":69,"column":12},"end":{"line":69,"column":26}}},"12":{"name":"(anonymous_12)","line":81,"loc":{"start":{"line":81,"column":33},"end":{"line":81,"column":43}}},"13":{"name":"(anonymous_13)","line":84,"loc":{"start":{"line":84,"column":12},"end":{"line":84,"column":26}}},"14":{"name":"(anonymous_14)","line":95,"loc":{"start":{"line":95,"column":64},"end":{"line":95,"column":74}}},"15":{"name":"(anonymous_15)","line":98,"loc":{"start":{"line":98,"column":6},"end":{"line":98,"column":19}}}},"statementMap":{"1":{"start":{"line":1,"column":0},"end":{"line":1,"column":29}},"2":{"start":{"line":2,"column":0},"end":{"line":2,"column":38}},"3":{"start":{"line":4,"column":0},"end":{"line":4,"column":31}},"4":{"start":{"line":6,"column":0},"end":{"line":6,"column":34}},"5":{"start":{"line":9,"column":0},"end":{"line":111,"column":3}},"6":{"start":{"line":13,"column":2},"end":{"line":20,"column":5}},"7":{"start":{"line":14,"column":4},"end":{"line":19,"column":9}},"8":{"start":{"line":17,"column":7},"end":{"line":17,"column":39}},"9":{"start":{"line":18,"column":8},"end":{"line":18,"column":31}},"10":{"start":{"line":24,"column":2},"end":{"line":31,"column":5}},"11":{"start":{"line":25,"column":4},"end":{"line":30,"column":9}},"12":{"start":{"line":28,"column":7},"end":{"line":28,"column":39}},"13":{"start":{"line":29,"column":8},"end":{"line":29,"column":31}},"14":{"start":{"line":40,"column":1},"end":{"line":48,"column":5}},"15":{"start":{"line":41,"column":4},"end":{"line":47,"column":9}},"16":{"start":{"line":45,"column":8},"end":{"line":45,"column":40}},"17":{"start":{"line":46,"column":8},"end":{"line":46,"column":31}},"18":{"start":{"line":54,"column":0},"end":{"line":61,"column":5}},"19":{"start":{"line":55,"column":4},"end":{"line":60,"column":9}},"20":{"start":{"line":58,"column":7},"end":{"line":58,"column":39}},"21":{"start":{"line":59,"column":8},"end":{"line":59,"column":31}},"22":{"start":{"line":66,"column":0},"end":{"line":73,"column":5}},"23":{"start":{"line":67,"column":4},"end":{"line":72,"column":9}},"24":{"start":{"line":70,"column":7},"end":{"line":70,"column":39}},"25":{"start":{"line":71,"column":8},"end":{"line":71,"column":31}},"26":{"start":{"line":81,"column":0},"end":{"line":88,"column":3}},"27":{"start":{"line":82,"column":1},"end":{"line":87,"column":9}},"28":{"start":{"line":85,"column":7},"end":{"line":85,"column":39}},"29":{"start":{"line":86,"column":8},"end":{"line":86,"column":31}},"30":{"start":{"line":95,"column":0},"end":{"line":102,"column":3}},"31":{"start":{"line":96,"column":0},"end":{"line":101,"column":2}},"32":{"start":{"line":99,"column":1},"end":{"line":99,"column":33}},"33":{"start":{"line":100,"column":1},"end":{"line":100,"column":24}}},"branchMap":{}},"C:\\Users\\Teacher\\SendIT\\index.js":{"path":"C:\\Users\\Teacher\\SendIT\\index.js","s":{"1":1,"2":1,"3":1,"4":1,"5":1,"6":1,"7":1,"8":1,"9":1,"10":1,"11":0,"12":1,"13":0,"14":1,"15":0,"16":1,"17":0,"18":1,"19":0,"20":1,"21":0,"22":1,"23":0,"24":1,"25":0,"26":1,"27":0,"28":1,"29":0,"30":1,"31":0,"32":1,"33":1,"34":0,"35":1,"36":1,"37":1,"38":1,"39":0,"40":1,"41":2,"42":1,"43":0,"44":1,"45":1,"46":1,"47":1,"48":0,"49":1,"50":53,"51":1,"52":0,"53":0,"54":1,"55":1,"56":1,"57":1,"58":1,"59":1,"60":1,"61":1,"62":1,"63":0,"64":0,"65":1,"66":1,"67":1,"68":0,"69":1,"70":1,"71":2,"72":2,"73":2,"74":2,"75":0,"76":2,"77":1,"78":0,"79":0,"80":0,"81":0,"82":0,"83":0,"84":0,"85":0,"86":1,"87":1,"88":1},"b":{"1":[0,1],"2":[0,1],"3":[0,1],"4":[0,1],"5":[0,0],"6":[1,0],"7":[0,0],"8":[0,1],"9":[0,2],"10":[0,0],"11":[0,0]},"f":{"1":0,"2":0,"3":0,"4":0,"5":0,"6":0,"7":0,"8":0,"9":0,"10":0,"11":0,"12":1,"13":1,"14":2,"15":1,"16":53,"17":0,"18":1,"19":0,"20":1,"21":2,"22":2,"23":0,"24":0,"25":1},"fnMap":{"1":{"name":"(anonymous_1)","line":13,"loc":{"start":{"line":13,"column":13},"end":{"line":13,"column":32}}},"2":{"name":"(anonymous_2)","line":16,"loc":{"start":{"line":16,"column":23},"end":{"line":16,"column":42}}},"3":{"name":"(anonymous_3)","line":19,"loc":{"start":{"line":19,"column":26},"end":{"line":19,"column":45}}},"4":{"name":"(anonymous_4)","line":22,"loc":{"start":{"line":22,"column":26},"end":{"line":22,"column":45}}},"5":{"name":"(anonymous_5)","line":25,"loc":{"start":{"line":25,"column":31},"end":{"line":25,"column":50}}},"6":{"name":"(anonymous_6)","line":28,"loc":{"start":{"line":28,"column":36},"end":{"line":28,"column":55}}},"7":{"name":"(anonymous_7)","line":31,"loc":{"start":{"line":31,"column":27},"end":{"line":31,"column":46}}},"8":{"name":"(anonymous_8)","line":35,"loc":{"start":{"line":35,"column":26},"end":{"line":35,"column":45}}},"9":{"name":"(anonymous_9)","line":39,"loc":{"start":{"line":39,"column":25},"end":{"line":39,"column":42}}},"10":{"name":"(anonymous_10)","line":43,"loc":{"start":{"line":43,"column":29},"end":{"line":43,"column":46}}},"11":{"name":"(anonymous_11)","line":47,"loc":{"start":{"line":47,"column":23},"end":{"line":47,"column":40}}},"12":{"name":"(anonymous_12)","line":56,"loc":{"start":{"line":56,"column":28},"end":{"line":56,"column":48}}},"13":{"name":"(anonymous_13)","line":65,"loc":{"start":{"line":65,"column":31},"end":{"line":65,"column":51}}},"14":{"name":"(anonymous_14)","line":70,"loc":{"start":{"line":70,"column":44},"end":{"line":70,"column":58}}},"15":{"name":"(anonymous_15)","line":83,"loc":{"start":{"line":83,"column":45},"end":{"line":83,"column":65}}},"16":{"name":"(anonymous_16)","line":89,"loc":{"start":{"line":89,"column":33},"end":{"line":89,"column":46}}},"17":{"name":"(anonymous_17)","line":92,"loc":{"start":{"line":92,"column":68},"end":{"line":92,"column":83}}},"18":{"name":"(anonymous_18)","line":104,"loc":{"start":{"line":104,"column":29},"end":{"line":104,"column":49}}},"19":{"name":"(anonymous_19)","line":114,"loc":{"start":{"line":114,"column":64},"end":{"line":114,"column":79}}},"20":{"name":"(anonymous_20)","line":129,"loc":{"start":{"line":129,"column":26},"end":{"line":129,"column":46}}},"21":{"name":"(anonymous_21)","line":138,"loc":{"start":{"line":138,"column":29},"end":{"line":138,"column":49}}},"22":{"name":"(anonymous_22)","line":140,"loc":{"start":{"line":140,"column":28},"end":{"line":140,"column":41}}},"23":{"name":"(anonymous_23)","line":152,"loc":{"start":{"line":152,"column":40},"end":{"line":152,"column":60}}},"24":{"name":"(anonymous_24)","line":157,"loc":{"start":{"line":157,"column":43},"end":{"line":157,"column":56}}},"25":{"name":"(anonymous_25)","line":174,"loc":{"start":{"line":174,"column":17},"end":{"line":174,"column":28}}}},"statementMap":{"1":{"start":{"line":1,"column":0},"end":{"line":1,"column":33}},"2":{"start":{"line":2,"column":0},"end":{"line":2,"column":20}},"3":{"start":{"line":3,"column":0},"end":{"line":3,"column":25}},"4":{"start":{"line":4,"column":0},"end":{"line":4,"column":41}},"5":{"start":{"line":5,"column":0},"end":{"line":5,"column":45}},"6":{"start":{"line":6,"column":0},"end":{"line":6,"column":39}},"7":{"start":{"line":8,"column":0},"end":{"line":8,"column":34}},"8":{"start":{"line":9,"column":0},"end":{"line":9,"column":24}},"9":{"start":{"line":10,"column":0},"end":{"line":10,"column":48}},"10":{"start":{"line":13,"column":0},"end":{"line":15,"column":3}},"11":{"start":{"line":14,"column":0},"end":{"line":14,"column":24}},"12":{"start":{"line":16,"column":0},"end":{"line":18,"column":3}},"13":{"start":{"line":17,"column":0},"end":{"line":17,"column":25}},"14":{"start":{"line":19,"column":0},"end":{"line":21,"column":3}},"15":{"start":{"line":20,"column":0},"end":{"line":20,"column":28}},"16":{"start":{"line":22,"column":0},"end":{"line":24,"column":3}},"17":{"start":{"line":23,"column":0},"end":{"line":23,"column":28}},"18":{"start":{"line":25,"column":0},"end":{"line":27,"column":3}},"19":{"start":{"line":26,"column":0},"end":{"line":26,"column":33}},"20":{"start":{"line":28,"column":0},"end":{"line":30,"column":3}},"21":{"start":{"line":29,"column":0},"end":{"line":29,"column":38}},"22":{"start":{"line":31,"column":0},"end":{"line":33,"column":3}},"23":{"start":{"line":32,"column":0},"end":{"line":32,"column":29}},"24":{"start":{"line":35,"column":0},"end":{"line":37,"column":3}},"25":{"start":{"line":36,"column":0},"end":{"line":36,"column":28}},"26":{"start":{"line":39,"column":0},"end":{"line":41,"column":3}},"27":{"start":{"line":40,"column":1},"end":{"line":40,"column":29}},"28":{"start":{"line":43,"column":0},"end":{"line":45,"column":3}},"29":{"start":{"line":44,"column":1},"end":{"line":44,"column":33}},"30":{"start":{"line":47,"column":0},"end":{"line":49,"column":3}},"31":{"start":{"line":48,"column":1},"end":{"line":48,"column":27}},"32":{"start":{"line":56,"column":0},"end":{"line":62,"column":3}},"33":{"start":{"line":57,"column":4},"end":{"line":61,"column":5}},"34":{"start":{"line":58,"column":7},"end":{"line":58,"column":73}},"35":{"start":{"line":60,"column":8},"end":{"line":60,"column":33}},"36":{"start":{"line":65,"column":0},"end":{"line":79,"column":3}},"37":{"start":{"line":66,"column":4},"end":{"line":66,"column":31}},"38":{"start":{"line":67,"column":4},"end":{"line":78,"column":5}},"39":{"start":{"line":68,"column":8},"end":{"line":68,"column":74}},"40":{"start":{"line":70,"column":8},"end":{"line":72,"column":11}},"41":{"start":{"line":71,"column":12},"end":{"line":71,"column":40}},"42":{"start":{"line":73,"column":8},"end":{"line":77,"column":9}},"43":{"start":{"line":74,"column":12},"end":{"line":74,"column":74}},"44":{"start":{"line":76,"column":11},"end":{"line":76,"column":44}},"45":{"start":{"line":83,"column":0},"end":{"line":100,"column":3}},"46":{"start":{"line":84,"column":4},"end":{"line":84,"column":35}},"47":{"start":{"line":85,"column":4},"end":{"line":99,"column":5}},"48":{"start":{"line":86,"column":8},"end":{"line":86,"column":67}},"49":{"start":{"line":89,"column":8},"end":{"line":91,"column":11}},"50":{"start":{"line":90,"column":12},"end":{"line":90,"column":37}},"51":{"start":{"line":92,"column":8},"end":{"line":96,"column":11}},"52":{"start":{"line":93,"column":12},"end":{"line":95,"column":13}},"53":{"start":{"line":94,"column":16},"end":{"line":94,"column":50}},"54":{"start":{"line":98,"column":8},"end":{"line":98,"column":86}},"55":{"start":{"line":104,"column":0},"end":{"line":121,"column":3}},"56":{"start":{"line":106,"column":4},"end":{"line":106,"column":26}},"57":{"start":{"line":107,"column":4},"end":{"line":107,"column":36}},"58":{"start":{"line":108,"column":4},"end":{"line":110,"column":5}},"59":{"start":{"line":109,"column":8},"end":{"line":109,"column":53}},"60":{"start":{"line":112,"column":4},"end":{"line":112,"column":40}},"61":{"start":{"line":113,"column":4},"end":{"line":113,"column":29}},"62":{"start":{"line":114,"column":4},"end":{"line":118,"column":7}},"63":{"start":{"line":115,"column":8},"end":{"line":117,"column":9}},"64":{"start":{"line":116,"column":12},"end":{"line":116,"column":29}},"65":{"start":{"line":120,"column":4},"end":{"line":120,"column":66}},"66":{"start":{"line":129,"column":0},"end":{"line":135,"column":3}},"67":{"start":{"line":130,"column":4},"end":{"line":134,"column":5}},"68":{"start":{"line":131,"column":7},"end":{"line":131,"column":71}},"69":{"start":{"line":133,"column":7},"end":{"line":133,"column":30}},"70":{"start":{"line":138,"column":0},"end":{"line":148,"column":3}},"71":{"start":{"line":139,"column":4},"end":{"line":139,"column":29}},"72":{"start":{"line":140,"column":4},"end":{"line":142,"column":7}},"73":{"start":{"line":141,"column":8},"end":{"line":141,"column":31}},"74":{"start":{"line":143,"column":4},"end":{"line":147,"column":5}},"75":{"start":{"line":144,"column":7},"end":{"line":144,"column":67}},"76":{"start":{"line":146,"column":7},"end":{"line":146,"column":29}},"77":{"start":{"line":152,"column":0},"end":{"line":166,"column":3}},"78":{"start":{"line":153,"column":4},"end":{"line":153,"column":33}},"79":{"start":{"line":154,"column":4},"end":{"line":165,"column":5}},"80":{"start":{"line":155,"column":8},"end":{"line":155,"column":74}},"81":{"start":{"line":157,"column":8},"end":{"line":159,"column":11}},"82":{"start":{"line":158,"column":12},"end":{"line":158,"column":35}},"83":{"start":{"line":160,"column":8},"end":{"line":164,"column":9}},"84":{"start":{"line":161,"column":11},"end":{"line":161,"column":80}},"85":{"start":{"line":163,"column":11},"end":{"line":163,"column":40}},"86":{"start":{"line":173,"column":0},"end":{"line":173,"column":33}},"87":{"start":{"line":174,"column":0},"end":{"line":175,"column":2}},"88":{"start":{"line":177,"column":0},"end":{"line":177,"column":19}}},"branchMap":{"1":{"line":57,"type":"if","locations":[{"start":{"line":57,"column":4},"end":{"line":57,"column":4}},{"start":{"line":57,"column":4},"end":{"line":57,"column":4}}]},"2":{"line":67,"type":"if","locations":[{"start":{"line":67,"column":4},"end":{"line":67,"column":4}},{"start":{"line":67,"column":4},"end":{"line":67,"column":4}}]},"3":{"line":73,"type":"if","locations":[{"start":{"line":73,"column":8},"end":{"line":73,"column":8}},{"start":{"line":73,"column":8},"end":{"line":73,"column":8}}]},"4":{"line":85,"type":"if","locations":[{"start":{"line":85,"column":4},"end":{"line":85,"column":4}},{"start":{"line":85,"column":4},"end":{"line":85,"column":4}}]},"5":{"line":93,"type":"if","locations":[{"start":{"line":93,"column":12},"end":{"line":93,"column":12}},{"start":{"line":93,"column":12},"end":{"line":93,"column":12}}]},"6":{"line":108,"type":"if","locations":[{"start":{"line":108,"column":4},"end":{"line":108,"column":4}},{"start":{"line":108,"column":4},"end":{"line":108,"column":4}}]},"7":{"line":115,"type":"if","locations":[{"start":{"line":115,"column":8},"end":{"line":115,"column":8}},{"start":{"line":115,"column":8},"end":{"line":115,"column":8}}]},"8":{"line":130,"type":"if","locations":[{"start":{"line":130,"column":4},"end":{"line":130,"column":4}},{"start":{"line":130,"column":4},"end":{"line":130,"column":4}}]},"9":{"line":143,"type":"if","locations":[{"start":{"line":143,"column":4},"end":{"line":143,"column":4}},{"start":{"line":143,"column":4},"end":{"line":143,"column":4}}]},"10":{"line":154,"type":"if","locations":[{"start":{"line":154,"column":4},"end":{"line":154,"column":4}},{"start":{"line":154,"column":4},"end":{"line":154,"column":4}}]},"11":{"line":160,"type":"if","locations":[{"start":{"line":160,"column":8},"end":{"line":160,"column":8}},{"start":{"line":160,"column":8},"end":{"line":160,"column":8}}]}}}}