TN:
SF:C:\Users\Teacher\SendIT\test.js
FN:9,(anonymous_1)
FN:13,(anonymous_2)
FN:16,(anonymous_3)
FN:24,(anonymous_4)
FN:27,(anonymous_5)
FN:40,(anonymous_6)
FN:44,(anonymous_7)
FN:54,(anonymous_8)
FN:57,(anonymous_9)
FN:66,(anonymous_10)
FN:69,(anonymous_11)
FN:81,(anonymous_12)
FN:84,(anonymous_13)
FN:95,(anonymous_14)
FN:98,(anonymous_15)
FNF:15
FNH:15
FNDA:1,(anonymous_1)
FNDA:1,(anonymous_2)
FNDA:1,(anonymous_3)
FNDA:1,(anonymous_4)
FNDA:1,(anonymous_5)
FNDA:1,(anonymous_6)
FNDA:1,(anonymous_7)
FNDA:1,(anonymous_8)
FNDA:1,(anonymous_9)
FNDA:1,(anonymous_10)
FNDA:1,(anonymous_11)
FNDA:1,(anonymous_12)
FNDA:1,(anonymous_13)
FNDA:1,(anonymous_14)
FNDA:1,(anonymous_15)
DA:1,1
DA:2,1
DA:4,1
DA:6,1
DA:9,1
DA:13,1
DA:14,1
DA:17,1
DA:18,1
DA:24,1
DA:25,1
DA:28,1
DA:29,1
DA:40,1
DA:41,1
DA:45,1
DA:46,1
DA:54,1
DA:55,1
DA:58,1
DA:59,1
DA:66,1
DA:67,1
DA:70,1
DA:71,1
DA:81,1
DA:82,1
DA:85,1
DA:86,1
DA:95,1
DA:96,1
DA:99,1
DA:100,1
LF:33
LH:33
BRF:0
BRH:0
end_of_record
TN:
SF:C:\Users\Teacher\SendIT\index.js
FN:13,(anonymous_1)
FN:16,(anonymous_2)
FN:19,(anonymous_3)
FN:22,(anonymous_4)
FN:25,(anonymous_5)
FN:28,(anonymous_6)
FN:31,(anonymous_7)
FN:35,(anonymous_8)
FN:39,(anonymous_9)
FN:43,(anonymous_10)
FN:47,(anonymous_11)
FN:56,(anonymous_12)
FN:65,(anonymous_13)
FN:70,(anonymous_14)
FN:83,(anonymous_15)
FN:89,(anonymous_16)
FN:92,(anonymous_17)
FN:104,(anonymous_18)
FN:114,(anonymous_19)
FN:129,(anonymous_20)
FN:138,(anonymous_21)
FN:140,(anonymous_22)
FN:152,(anonymous_23)
FN:157,(anonymous_24)
FN:174,(anonymous_25)
FNF:25
FNH:10
FNDA:0,(anonymous_1)
FNDA:0,(anonymous_2)
FNDA:0,(anonymous_3)
FNDA:0,(anonymous_4)
FNDA:0,(anonymous_5)
FNDA:0,(anonymous_6)
FNDA:0,(anonymous_7)
FNDA:0,(anonymous_8)
FNDA:0,(anonymous_9)
FNDA:0,(anonymous_10)
FNDA:0,(anonymous_11)
FNDA:1,(anonymous_12)
FNDA:1,(anonymous_13)
FNDA:2,(anonymous_14)
FNDA:1,(anonymous_15)
FNDA:54,(anonymous_16)
FNDA:0,(anonymous_17)
FNDA:1,(anonymous_18)
FNDA:0,(anonymous_19)
FNDA:1,(anonymous_20)
FNDA:2,(anonymous_21)
FNDA:2,(anonymous_22)
FNDA:0,(anonymous_23)
FNDA:0,(anonymous_24)
FNDA:1,(anonymous_25)
DA:1,1
DA:2,1
DA:3,1
DA:4,1
DA:5,1
DA:6,1
DA:8,1
DA:9,1
DA:10,1
DA:13,1
DA:14,0
DA:16,1
DA:17,0
DA:19,1
DA:20,0
DA:22,1
DA:23,0
DA:25,1
DA:26,0
DA:28,1
DA:29,0
DA:31,1
DA:32,0
DA:35,1
DA:36,0
DA:39,1
DA:40,0
DA:43,1
DA:44,0
DA:47,1
DA:48,0
DA:56,1
DA:57,1
DA:58,0
DA:60,1
DA:65,1
DA:66,1
DA:67,1
DA:68,0
DA:70,1
DA:71,2
DA:73,1
DA:74,0
DA:76,1
DA:83,1
DA:84,1
DA:85,1
DA:86,0
DA:89,1
DA:90,54
DA:92,1
DA:93,0
DA:94,0
DA:98,1
DA:104,1
DA:106,1
DA:107,1
DA:108,1
DA:109,1
DA:112,1
DA:113,1
DA:114,1
DA:115,0
DA:116,0
DA:120,1
DA:129,1
DA:130,1
DA:131,0
DA:133,1
DA:138,1
DA:139,2
DA:140,2
DA:141,2
DA:143,2
DA:144,0
DA:146,2
DA:152,1
DA:153,0
DA:154,0
DA:155,0
DA:157,0
DA:158,0
DA:160,0
DA:161,0
DA:163,0
DA:173,1
DA:174,1
DA:177,1
LF:88
LH:59
BRDA:57,1,0,0
BRDA:57,1,1,1
BRDA:67,2,0,0
BRDA:67,2,1,1
BRDA:73,3,0,0
BRDA:73,3,1,1
BRDA:85,4,0,0
BRDA:85,4,1,1
BRDA:93,5,0,0
BRDA:93,5,1,0
BRDA:108,6,0,1
BRDA:108,6,1,0
BRDA:115,7,0,0
BRDA:115,7,1,0
BRDA:130,8,0,0
BRDA:130,8,1,1
BRDA:143,9,0,0
BRDA:143,9,1,2
BRDA:154,10,0,0
BRDA:154,10,1,0
BRDA:160,11,0,0
BRDA:160,11,1,0
BRF:22
BRH:7
end_of_record
